<?xml version="1.0" encoding="UTF-8"?>
<testng-results ignored="0" total="1" passed="1" failed="0" skipped="0">
  <reporter-output>
  </reporter-output>
  <suite started-at="2024-04-04T17:06:55 IST" name="Default suite" finished-at="2024-04-04T17:07:20 IST" duration-ms="24693">
    <groups>
    </groups>
    <test started-at="2024-04-04T17:06:55 IST" name="Default test" finished-at="2024-04-04T17:07:20 IST" duration-ms="24693">
      <class name="commonFunctions.CommonFunctions">
        <test-method signature="launchBrowser()[pri:0, instance:commonFunctions.CommonFunctions@67f639d3]" started-at="2024-04-04T17:06:55 IST" name="launchBrowser" finished-at="2024-04-04T17:07:20 IST" duration-ms="24584" status="PASS">
          <reporter-output>
          </reporter-output>
        </test-method> <!-- launchBrowser -->
      </class> <!-- commonFunctions.CommonFunctions -->
    </test> <!-- Default test -->
  </suite> <!-- Default suite -->
</testng-results>
